<?xml version="1.0" encoding="UTF-8"?>
<testng-results ignored="4" total="9" passed="5" failed="0" skipped="0">
  <reporter-output>
  </reporter-output>
  <suite started-at="2022-07-02T12:38:46 IST" name="Suite" finished-at="2022-07-02T12:38:47 IST" duration-ms="347">
    <groups>
    </groups>
    <test started-at="2022-07-02T12:38:46 IST" name="Test" finished-at="2022-07-02T12:38:46 IST" duration-ms="68">
      <class name="test.Day2">
        <test-method signature="day2()[pri:0, instance:test.Day2@40cb8df7]" started-at="2022-07-02T12:38:46 IST" name="day2" finished-at="2022-07-02T12:38:46 IST" duration-ms="0" status="PASS">
          <reporter-output>
          </reporter-output>
        </test-method> <!-- day2 -->
      </class> <!-- test.Day2 -->
      <class name="test.Basics">
        <test-method signature="Demo1()[pri:0, instance:test.Basics@6497b078]" started-at="2022-07-02T12:38:46 IST" name="Demo1" finished-at="2022-07-02T12:38:46 IST" duration-ms="10" status="PASS">
          <reporter-output>
          </reporter-output>
        </test-method> <!-- Demo1 -->
        <test-method signature="Demo2()[pri:0, instance:test.Basics@6497b078]" started-at="2022-07-02T12:38:46 IST" name="Demo2" finished-at="2022-07-02T12:38:46 IST" duration-ms="3" status="PASS">
          <reporter-output>
          </reporter-output>
        </test-method> <!-- Demo2 -->
      </class> <!-- test.Basics -->
    </test> <!-- Test -->
    <test started-at="2022-07-02T12:38:47 IST" name="CarLoan" finished-at="2022-07-02T12:38:47 IST" duration-ms="14">
      <class name="test.Day3">
        <test-method signature="APILoginCar()[pri:0, instance:test.Day3@6c130c45]" started-at="2022-07-02T12:38:47 IST" name="APILoginCar" finished-at="2022-07-02T12:38:47 IST" duration-ms="1" status="PASS">
          <reporter-output>
          </reporter-output>
        </test-method> <!-- APILoginCar -->
        <test-method signature="WebLoginCar()[pri:0, instance:test.Day3@6c130c45]" started-at="2022-07-02T12:38:47 IST" name="WebLoginCar" finished-at="2022-07-02T12:38:47 IST" duration-ms="2" status="PASS">
          <reporter-output>
          </reporter-output>
        </test-method> <!-- WebLoginCar -->
      </class> <!-- test.Day3 -->
    </test> <!-- CarLoan -->
  </suite> <!-- Suite -->
</testng-results>
