<?xml version="1.0" encoding="UTF-8"?>
<testng-results ignored="0" total="2" passed="2" failed="0" skipped="0">
  <reporter-output>
  </reporter-output>
  <suite started-at="2022-07-02T12:02:13 IST" name="Default suite" finished-at="2022-07-02T12:02:13 IST" duration-ms="48">
    <groups>
    </groups>
    <test started-at="2022-07-02T12:02:13 IST" name="Default test" finished-at="2022-07-02T12:02:13 IST" duration-ms="48">
      <class name="test.Basics">
        <test-method signature="Demo1()[pri:0, instance:test.Basics@dd0c991]" started-at="2022-07-02T12:02:13 IST" name="Demo1" finished-at="2022-07-02T12:02:13 IST" duration-ms="6" status="PASS">
          <reporter-output>
          </reporter-output>
        </test-method> <!-- Demo1 -->
        <test-method signature="Demo2()[pri:0, instance:test.Basics@dd0c991]" started-at="2022-07-02T12:02:13 IST" name="Demo2" finished-at="2022-07-02T12:02:13 IST" duration-ms="1" status="PASS">
          <reporter-output>
          </reporter-output>
        </test-method> <!-- Demo2 -->
      </class> <!-- test.Basics -->
    </test> <!-- Default test -->
  </suite> <!-- Default suite -->
</testng-results>
