<?xml version="1.0" encoding="UTF-8"?>
<!-- Generated by org.testng.reporters.JUnitXMLReporter -->
<testsuite ignored="1" hostname="SMAs-MacBook-Pro.local" failures="0" tests="5" name="Default test" time="0.062" errors="0" timestamp="2022-07-03T11:58:21 IST">
  <testcase classname="test.Day5" name="APILoginCar4" time="0.009"/>
  <testcase classname="test.Day5" name="MobileLoginCar" time="0.001"/>
  <testcase classname="test.Day5" name="WebLoginCar" time="0.001"/>
  <testcase classname="test.Day5" name="APILoginCar" time="0.002"/>
  <testcase classname="test.Day5" name="APILoginCar2" time="0.002"/>
  <testcase classname="test.Day5" name="APILoginCar3" time="0.0">
    <ignored/>
  </testcase> <!-- APILoginCar3 -->
</testsuite> <!-- Default test -->
