<?xml version="1.0" encoding="UTF-8"?>
<!-- Generated by org.testng.reporters.JUnitXMLReporter -->
<testsuite ignored="4" hostname="SMAs-MacBook-Pro.local" failures="0" tests="2" name="CarLoan" time="0.014" errors="0" timestamp="2022-07-02T21:16:37 IST">
  <testcase classname="test.Day3" name="MobileLoginCar" time="0.004"/>
  <testcase classname="test.Day3" name="WebLoginCar" time="0.003"/>
  <testcase classname="test.Day3" name="APILoginCar" time="0.0">
    <ignored/>
  </testcase> <!-- APILoginCar -->
  <testcase classname="test.Day3" name="APILoginCar3" time="0.0">
    <ignored/>
  </testcase> <!-- APILoginCar3 -->
  <testcase classname="test.Day3" name="APILoginCar2" time="0.0">
    <ignored/>
  </testcase> <!-- APILoginCar2 -->
  <testcase classname="test.Day3" name="APILoginCar4" time="0.0">
    <ignored/>
  </testcase> <!-- APILoginCar4 -->
</testsuite> <!-- CarLoan -->
