<?xml version="1.0" encoding="UTF-8"?>
<!-- Generated by org.testng.reporters.JUnitXMLReporter -->
<testsuite ignored="1" hostname="SMAs-MacBook-Pro.local" failures="0" tests="2" name="CarLoan" time="0.014" errors="0" timestamp="2022-07-02T12:38:47 IST">
  <testcase classname="test.Day3" name="APILoginCar" time="0.001"/>
  <testcase classname="test.Day3" name="WebLoginCar" time="0.002"/>
  <testcase classname="test.Day3" name="MobileLoginCar" time="0.0">
    <ignored/>
  </testcase> <!-- MobileLoginCar -->
</testsuite> <!-- CarLoan -->
