<?xml version="1.0" encoding="UTF-8"?>
<!-- Generated by org.testng.reporters.JUnitXMLReporter -->
<testsuite ignored="3" hostname="SMAs-MacBook-Pro.local" failures="0" tests="3" name="Test" time="0.068" errors="0" timestamp="2022-07-02T12:38:46 IST">
  <testcase classname="test.Basics" name="Demo1" time="0.01"/>
  <testcase classname="test.Basics" name="Demo2" time="0.003"/>
  <testcase classname="test.Day2" name="day2" time="0.0"/>
  <testcase classname="test.Day4" name="ç" time="0.0">
    <ignored/>
  </testcase> <!-- ç -->
  <testcase classname="test.Day4" name="WebLoginHome" time="0.0">
    <ignored/>
  </testcase> <!-- WebLoginHome -->
  <testcase classname="test.Day4" name="MobileLoginHome" time="0.0">
    <ignored/>
  </testcase> <!-- MobileLoginHome -->
</testsuite> <!-- Test -->
