<?xml version="1.0" encoding="UTF-8"?>
<!-- Generated by org.testng.reporters.JUnitXMLReporter -->
<testsuite ignored="6" hostname="LSQLAP-1033" failures="1" tests="12" name="Test" time="0.115" errors="0" timestamp="2022-07-04T15:25:33 IST">
  <testcase classname="test.Basics" name="Demo1" time="0.012">
    <failure type="java.lang.AssertionError" message="expected [true] but found [false]">
      <![CDATA[java.lang.AssertionError: expected [true] but found [false]
at test.Basics.Demo1(Basics.java:20)
at java.base/java.util.ArrayList.forEach(ArrayList.java:1511)
... Removed 31 stack frames]]>
    </failure>
  </testcase> <!-- Demo1 -->
  <testcase classname="test.Basics" name="Demo2" time="0.001"/>
  <testcase classname="test.Basics" name="Demo3" time="0.002"/>
  <testcase classname="test.Day2" name="day2" time="0.002"/>
  <testcase classname="test.Day2" name="day2" time="0.001"/>
  <testcase classname="test.Day2" name="day2" time="0.001"/>
  <testcase classname="test.Day2" name="smoke" time="0.002"/>
  <testcase classname="test.Day5" name="APILoginCar4" time="0.008"/>
  <testcase classname="test.Day5" name="MobileLoginCar" time="0.002"/>
  <testcase classname="test.Day5" name="WebLoginCar" time="0.002"/>
  <testcase classname="test.Day5" name="APILoginCar" time="0.007"/>
  <testcase classname="test.Day5" name="APILoginCar2" time="0.001"/>
  <testcase classname="test.Day4" name="WebLoginHome" time="0.0">
    <ignored/>
  </testcase> <!-- WebLoginHome -->
  <testcase classname="test.Day4" name="MobileLoginHome" time="0.0">
    <ignored/>
  </testcase> <!-- MobileLoginHome -->
  <testcase classname="test.Day4" name="smoke2" time="0.0">
    <ignored/>
  </testcase> <!-- smoke2 -->
  <testcase classname="test.Day4" name="smoke3" time="0.0">
    <ignored/>
  </testcase> <!-- smoke3 -->
  <testcase classname="test.Day5" name="APILoginCar3" time="0.0">
    <ignored/>
  </testcase> <!-- APILoginCar3 -->
  <testcase classname="test.Day4" name="APILoginHome" time="0.0">
    <ignored/>
  </testcase> <!-- APILoginHome -->
</testsuite> <!-- Test -->
